<?xml version="1.0" encoding="UTF-8"?>
<testsuite xmlns:xsi="http://www.w3.org/2001/XMLSchema-instance" xsi:noNamespaceSchemaLocation="https://maven.apache.org/surefire/maven-surefire-plugin/xsd/surefire-test-report-3.0.xsd" version="3.0" name="com.example.calculator.testrunner.TestRunner" time="21.028" tests="6" errors="0" skipped="0" failures="0">
  <properties>
[...]
</properties>
  <testcase name="Site returns HTTP 200 on GET /" classname="API uptime check for calculator site" time="8.668">
    <system-out><![CDATA[
@API
Scenario: Site returns HTTP 200 on GET /    # src/test/resources/features/api_test.feature:3
  Given I have the calculator base URL      # com.example.calculator.stepdefinitions.ApiSteps.baseUrl()
  When I send a GET request to the base URL # com.example.calculator.stepdefinitions.ApiSteps.get()
  Then the response status should be 200    # com.example.calculator.stepdefinitions.ApiSteps.verify(java.lang.Integer)
]]></system-out>
    <system-err><![CDATA[SLF4J(W): No SLF4J providers were found.
SLF4J(W): Defaulting to no-operation (NOP) logger implementation
SLF4J(W): See https://www.slf4j.org/codes.html#noProviders for further details.
Oct 18, 2025 1:28:46 PM org.openqa.selenium.devtools.CdpVersionFinder findNearestMatch
WARNING: Unable to find CDP implementation matching 141
Oct 18, 2025 1:28:46 PM org.openqa.selenium.chromium.ChromiumDriver lambda$new$5
WARNING: Unable to find version of CDP to use for 141.0.7390.67. You may need to include a dependency on a specific version of the CDP using something similar to `org.seleniumhq.selenium:selenium-devtools-v86:4.23.1` where the version ("v86") matches the version of the chromium-based browser you're using and the version number of the artifact is the same as Selenium's.
]]></system-err>
  </testcase>
  <testcase name="Calculator elements should be visible" classname="Check UI Elements visibility" time="2.592">
    <system-out><![CDATA[
@UI
Scenario: Calculator elements should be visible # src/test/resources/features/ui_test.feature:3
  Given User is in the calculator page          # com.example.calculator.stepdefinitions.UiSteps.checkPage()
  Then User should see the calculator elements  # com.example.calculator.stepdefinitions.UiSteps.verify()
]]></system-out>
    <system-err><![CDATA[Oct 18, 2025 1:28:52 PM org.openqa.selenium.devtools.CdpVersionFinder findNearestMatch
WARNING: Unable to find CDP implementation matching 141
Oct 18, 2025 1:28:52 PM org.openqa.selenium.chromium.ChromiumDriver lambda$new$5
WARNING: Unable to find version of CDP to use for 141.0.7390.67. You may need to include a dependency on a specific version of the CDP using something similar to `org.seleniumhq.selenium:selenium-devtools-v86:4.23.1` where the version ("v86") matches the version of the chromium-based browser you're using and the version number of the artifact is the same as Selenium's.
]]></system-err>
  </testcase>
  <testcase name="Perform basic math #1" classname="Calculator unit operations" time="2.708">
    <system-out><![CDATA[
@UNIT
Scenario Outline: Perform basic math # src/test/resources/features/unit_test.feature:9
  Given two numbers 2 and 3          # com.example.calculator.stepdefinitions.UnitSteps.nums(double,double)
  When I add them                    # com.example.calculator.stepdefinitions.UnitSteps.performOperation(java.lang.String)
  Then the result should be 5        # com.example.calculator.stepdefinitions.UnitSteps.verify(double)
]]></system-out>
    <system-err><![CDATA[Oct 18, 2025 1:28:55 PM org.openqa.selenium.devtools.CdpVersionFinder findNearestMatch
WARNING: Unable to find CDP implementation matching 141
Oct 18, 2025 1:28:55 PM org.openqa.selenium.chromium.ChromiumDriver lambda$new$5
WARNING: Unable to find version of CDP to use for 141.0.7390.67. You may need to include a dependency on a specific version of the CDP using something similar to `org.seleniumhq.selenium:selenium-devtools-v86:4.23.1` where the version ("v86") matches the version of the chromium-based browser you're using and the version number of the artifact is the same as Selenium's.
]]></system-err>
  </testcase>
  <testcase name="Perform basic math #2" classname="Calculator unit operations" time="2.63">
    <system-out><![CDATA[
@UNIT
Scenario Outline: Perform basic math # src/test/resources/features/unit_test.feature:10
  Given two numbers 10 and 4         # com.example.calculator.stepdefinitions.UnitSteps.nums(double,double)
  When I subtract them               # com.example.calculator.stepdefinitions.UnitSteps.performOperation(java.lang.String)
  Then the result should be 6        # com.example.calculator.stepdefinitions.UnitSteps.verify(double)
]]></system-out>
    <system-err><![CDATA[Oct 18, 2025 1:28:57 PM org.openqa.selenium.devtools.CdpVersionFinder findNearestMatch
WARNING: Unable to find CDP implementation matching 141
Oct 18, 2025 1:28:57 PM org.openqa.selenium.chromium.ChromiumDriver lambda$new$5
WARNING: Unable to find version of CDP to use for 141.0.7390.67. You may need to include a dependency on a specific version of the CDP using something similar to `org.seleniumhq.selenium:selenium-devtools-v86:4.23.1` where the version ("v86") matches the version of the chromium-based browser you're using and the version number of the artifact is the same as Selenium's.
]]></system-err>
  </testcase>
  <testcase name="Perform basic math #3" classname="Calculator unit operations" time="2.734">
    <system-out><![CDATA[
@UNIT
Scenario Outline: Perform basic math # src/test/resources/features/unit_test.feature:11
  Given two numbers 7 and 6          # com.example.calculator.stepdefinitions.UnitSteps.nums(double,double)
  When I multiply them               # com.example.calculator.stepdefinitions.UnitSteps.performOperation(java.lang.String)
  Then the result should be 42       # com.example.calculator.stepdefinitions.UnitSteps.verify(double)
]]></system-out>
    <system-err><![CDATA[Oct 18, 2025 1:29:00 PM org.openqa.selenium.devtools.CdpVersionFinder findNearestMatch
WARNING: Unable to find CDP implementation matching 141
Oct 18, 2025 1:29:00 PM org.openqa.selenium.chromium.ChromiumDriver lambda$new$5
WARNING: Unable to find version of CDP to use for 141.0.7390.67. You may need to include a dependency on a specific version of the CDP using something similar to `org.seleniumhq.selenium:selenium-devtools-v86:4.23.1` where the version ("v86") matches the version of the chromium-based browser you're using and the version number of the artifact is the same as Selenium's.
]]></system-err>
  </testcase>
  <testcase name="Perform basic math #4" classname="Calculator unit operations" time="1.65">
    <system-out><![CDATA[
@UNIT
Scenario Outline: Perform basic math # src/test/resources/features/unit_test.feature:12
  Given two numbers 10 and 5         # com.example.calculator.stepdefinitions.UnitSteps.nums(double,double)
  When I divide them                 # com.example.calculator.stepdefinitions.UnitSteps.performOperation(java.lang.String)
  Then the result should be 2        # com.example.calculator.stepdefinitions.UnitSteps.verify(double)
]]></system-out>
    <system-err><![CDATA[Oct 18, 2025 1:29:03 PM org.openqa.selenium.devtools.CdpVersionFinder findNearestMatch
WARNING: Unable to find CDP implementation matching 141
Oct 18, 2025 1:29:03 PM org.openqa.selenium.chromium.ChromiumDriver lambda$new$5
WARNING: Unable to find version of CDP to use for 141.0.7390.67. You may need to include a dependency on a specific version of the CDP using something similar to `org.seleniumhq.selenium:selenium-devtools-v86:4.23.1` where the version ("v86") matches the version of the chromium-based browser you're using and the version number of the artifact is the same as Selenium's.
]]></system-err>
  </testcase>
</testsuite>